Started GET "/" for ::1 at 2017-03-06 14:04:03 -0500
  
ActiveRecord::PendingMigrationError (

Migrations are pending. To resolve this issue, run:

        bin/rails db:migrate RAILS_ENV=development

):
  
activerecord (5.0.2) lib/active_record/migration.rb:573:in `check_pending!'
activerecord (5.0.2) lib/active_record/migration.rb:549:in `call'
actionpack (5.0.2) lib/action_dispatch/middleware/callbacks.rb:38:in `block in call'
activesupport (5.0.2) lib/active_support/callbacks.rb:97:in `__run_callbacks__'
activesupport (5.0.2) lib/active_support/callbacks.rb:750:in `_run_call_callbacks'
activesupport (5.0.2) lib/active_support/callbacks.rb:90:in `run_callbacks'
actionpack (5.0.2) lib/action_dispatch/middleware/callbacks.rb:36:in `call'
actionpack (5.0.2) lib/action_dispatch/middleware/executor.rb:12:in `call'
actionpack (5.0.2) lib/action_dispatch/middleware/remote_ip.rb:79:in `call'
actionpack (5.0.2) lib/action_dispatch/middleware/debug_exceptions.rb:49:in `call'
web-console (3.4.0) lib/web_console/middleware.rb:135:in `call_app'
web-console (3.4.0) lib/web_console/middleware.rb:28:in `block in call'
web-console (3.4.0) lib/web_console/middleware.rb:18:in `catch'
web-console (3.4.0) lib/web_console/middleware.rb:18:in `call'
actionpack (5.0.2) lib/action_dispatch/middleware/show_exceptions.rb:31:in `call'
railties (5.0.2) lib/rails/rack/logger.rb:36:in `call_app'
railties (5.0.2) lib/rails/rack/logger.rb:24:in `block in call'
activesupport (5.0.2) lib/active_support/tagged_logging.rb:69:in `block in tagged'
activesupport (5.0.2) lib/active_support/tagged_logging.rb:26:in `tagged'
activesupport (5.0.2) lib/active_support/tagged_logging.rb:69:in `tagged'
railties (5.0.2) lib/rails/rack/logger.rb:24:in `call'
sprockets-rails (3.2.0) lib/sprockets/rails/quiet_assets.rb:13:in `call'
actionpack (5.0.2) lib/action_dispatch/middleware/request_id.rb:24:in `call'
rack (2.0.1) lib/rack/method_override.rb:22:in `call'
rack (2.0.1) lib/rack/runtime.rb:22:in `call'
activesupport (5.0.2) lib/active_support/cache/strategy/local_cache_middleware.rb:28:in `call'
actionpack (5.0.2) lib/action_dispatch/middleware/executor.rb:12:in `call'
actionpack (5.0.2) lib/action_dispatch/middleware/static.rb:136:in `call'
rack (2.0.1) lib/rack/sendfile.rb:111:in `call'
railties (5.0.2) lib/rails/engine.rb:522:in `call'
puma (3.7.1) lib/puma/configuration.rb:232:in `call'
puma (3.7.1) lib/puma/server.rb:578:in `handle_request'
puma (3.7.1) lib/puma/server.rb:415:in `process_client'
puma (3.7.1) lib/puma/server.rb:275:in `block in run'
puma (3.7.1) lib/puma/thread_pool.rb:120:in `block in spawn_thread'
  Rendering /Users/mstashev/.rvm/gems/ruby-2.4.0/gems/actionpack-5.0.2/lib/action_dispatch/middleware/templates/rescues/diagnostics.html.erb within rescues/layout
  Rendering /Users/mstashev/.rvm/gems/ruby-2.4.0/gems/actionpack-5.0.2/lib/action_dispatch/middleware/templates/rescues/_source.html.erb
  Rendered /Users/mstashev/.rvm/gems/ruby-2.4.0/gems/actionpack-5.0.2/lib/action_dispatch/middleware/templates/rescues/_source.html.erb (3.8ms)
  Rendering /Users/mstashev/.rvm/gems/ruby-2.4.0/gems/actionpack-5.0.2/lib/action_dispatch/middleware/templates/rescues/_trace.html.erb
  Rendered /Users/mstashev/.rvm/gems/ruby-2.4.0/gems/actionpack-5.0.2/lib/action_dispatch/middleware/templates/rescues/_trace.html.erb (2.2ms)
  Rendering /Users/mstashev/.rvm/gems/ruby-2.4.0/gems/actionpack-5.0.2/lib/action_dispatch/middleware/templates/rescues/_request_and_response.html.erb
  Rendered /Users/mstashev/.rvm/gems/ruby-2.4.0/gems/actionpack-5.0.2/lib/action_dispatch/middleware/templates/rescues/_request_and_response.html.erb (1.4ms)
  Rendered /Users/mstashev/.rvm/gems/ruby-2.4.0/gems/actionpack-5.0.2/lib/action_dispatch/middleware/templates/rescues/diagnostics.html.erb within rescues/layout (112.3ms)
  [1m[35m (1.6ms)[0m  [1m[35mCREATE TABLE "schema_migrations" ("version" varchar NOT NULL PRIMARY KEY)[0m
  [1m[35m (1.5ms)[0m  [1m[35mCREATE TABLE "ar_internal_metadata" ("key" varchar NOT NULL PRIMARY KEY, "value" varchar, "created_at" datetime NOT NULL, "updated_at" datetime NOT NULL)[0m
  [1m[36mActiveRecord::SchemaMigration Load (0.2ms)[0m  [1m[34mSELECT "schema_migrations".* FROM "schema_migrations"[0m
Migrating to CreateVisitors (20170306174736)
  [1m[35m (0.1ms)[0m  [1m[36mbegin transaction[0m
  [1m[35m (0.4ms)[0m  [1m[35mCREATE TABLE "visitors" ("id" INTEGER PRIMARY KEY AUTOINCREMENT NOT NULL, "created_at" datetime NOT NULL, "updated_at" datetime NOT NULL)[0m
  [1m[35mSQL (0.1ms)[0m  [1m[32mINSERT INTO "schema_migrations" ("version") VALUES (?)[0m  [["version", "20170306174736"]]
  [1m[35m (1.1ms)[0m  [1m[36mcommit transaction[0m
  [1m[36mActiveRecord::InternalMetadata Load (0.1ms)[0m  [1m[34mSELECT  "ar_internal_metadata".* FROM "ar_internal_metadata" WHERE "ar_internal_metadata"."key" = ? LIMIT ?[0m  [["key", :environment], ["LIMIT", 1]]
  [1m[35m (0.1ms)[0m  [1m[36mbegin transaction[0m
  [1m[35mSQL (0.3ms)[0m  [1m[32mINSERT INTO "ar_internal_metadata" ("key", "value", "created_at", "updated_at") VALUES (?, ?, ?, ?)[0m  [["key", "environment"], ["value", "development"], ["created_at", 2017-03-06 19:04:23 UTC], ["updated_at", 2017-03-06 19:04:23 UTC]]
  [1m[35m (28.4ms)[0m  [1m[36mcommit transaction[0m
  [1m[36mActiveRecord::SchemaMigration Load (0.1ms)[0m  [1m[34mSELECT "schema_migrations".* FROM "schema_migrations"[0m
Started GET "/" for ::1 at 2017-03-06 14:04:35 -0500
  [1m[36mActiveRecord::SchemaMigration Load (0.2ms)[0m  [1m[34mSELECT "schema_migrations".* FROM "schema_migrations"[0m
Processing by VisitorsController#index as HTML
  Rendering visitors/index.html.erb within layouts/application
  [1m[36mVisitor Load (0.2ms)[0m  [1m[34mSELECT "visitors".* FROM "visitors"[0m
  Rendered visitors/index.html.erb within layouts/application (9.1ms)
Completed 200 OK in 2537ms (Views: 2476.5ms | ActiveRecord: 0.4ms)


Started GET "/" for ::1 at 2017-03-06 14:06:38 -0500
Processing by VisitorsController#index as HTML
  Rendering visitors/index.html.erb within layouts/application
  [1m[36mVisitor Load (0.3ms)[0m  [1m[34mSELECT "visitors".* FROM "visitors"[0m
  Rendered visitors/index.html.erb within layouts/application (1.7ms)
Completed 200 OK in 24ms (Views: 20.9ms | ActiveRecord: 0.3ms)


Started GET "/" for ::1 at 2017-03-06 14:07:55 -0500
Processing by VisitorsController#index as HTML
  Rendering visitors/index.html.erb within layouts/application
  [1m[36mVisitor Load (0.2ms)[0m  [1m[34mSELECT "visitors".* FROM "visitors"[0m
  Rendered visitors/index.html.erb within layouts/application (1.2ms)
Completed 200 OK in 20ms (Views: 18.6ms | ActiveRecord: 0.2ms)


Started GET "/" for ::1 at 2017-03-06 14:07:57 -0500
Processing by VisitorsController#index as HTML
  Rendering visitors/index.html.erb within layouts/application
  [1m[36mVisitor Load (0.2ms)[0m  [1m[34mSELECT "visitors".* FROM "visitors"[0m
  Rendered visitors/index.html.erb within layouts/application (1.3ms)
Completed 200 OK in 20ms (Views: 17.7ms | ActiveRecord: 0.2ms)


Started GET "/" for ::1 at 2017-03-06 14:08:04 -0500
Processing by VisitorsController#index as HTML
  Rendering visitors/index.html.erb within layouts/application
  [1m[36mVisitor Load (0.3ms)[0m  [1m[34mSELECT "visitors".* FROM "visitors"[0m
  Rendered visitors/index.html.erb within layouts/application (1.3ms)
Completed 200 OK in 37ms (Views: 35.0ms | ActiveRecord: 0.3ms)


Started GET "/" for ::1 at 2017-03-06 14:08:19 -0500
Processing by VisitorsController#index as HTML
  Rendering visitors/index.html.erb within layouts/application
  [1m[36mVisitor Load (0.2ms)[0m  [1m[34mSELECT "visitors".* FROM "visitors"[0m
  Rendered visitors/index.html.erb within layouts/application (1.4ms)
Completed 200 OK in 23ms (Views: 21.3ms | ActiveRecord: 0.2ms)


Started GET "/" for ::1 at 2017-03-06 14:08:40 -0500
Processing by VisitorsController#index as HTML
  Rendering visitors/index.html.erb within layouts/application
  [1m[36mVisitor Load (0.1ms)[0m  [1m[34mSELECT "visitors".* FROM "visitors"[0m
  Rendered visitors/index.html.erb within layouts/application (1.1ms)
Completed 200 OK in 22ms (Views: 20.1ms | ActiveRecord: 0.1ms)


Started GET "/" for ::1 at 2017-03-06 14:08:53 -0500
Processing by VisitorsController#index as HTML
  Rendering visitors/index.html.erb within layouts/application
  [1m[36mVisitor Load (0.1ms)[0m  [1m[34mSELECT "visitors".* FROM "visitors"[0m
  Rendered visitors/index.html.erb within layouts/application (1.2ms)
Completed 200 OK in 24ms (Views: 21.7ms | ActiveRecord: 0.1ms)


Started GET "/" for ::1 at 2017-03-06 14:08:54 -0500
Processing by VisitorsController#index as HTML
  Rendering visitors/index.html.erb within layouts/application
  [1m[36mVisitor Load (0.2ms)[0m  [1m[34mSELECT "visitors".* FROM "visitors"[0m
  Rendered visitors/index.html.erb within layouts/application (1.3ms)
Completed 200 OK in 25ms (Views: 23.7ms | ActiveRecord: 0.2ms)


Started GET "/" for ::1 at 2017-03-06 14:09:03 -0500
Processing by VisitorsController#index as HTML
  Rendering visitors/index.html.erb within layouts/application
  [1m[36mVisitor Load (0.1ms)[0m  [1m[34mSELECT "visitors".* FROM "visitors"[0m
  Rendered visitors/index.html.erb within layouts/application (1.4ms)
Completed 200 OK in 30ms (Views: 28.4ms | ActiveRecord: 0.1ms)


Started GET "/" for ::1 at 2017-03-06 14:09:18 -0500
Processing by VisitorsController#index as HTML
  Rendering visitors/index.html.erb within layouts/application
  [1m[36mVisitor Load (0.2ms)[0m  [1m[34mSELECT "visitors".* FROM "visitors"[0m
  Rendered visitors/index.html.erb within layouts/application (1.8ms)
Completed 200 OK in 27ms (Views: 24.8ms | ActiveRecord: 0.2ms)


Started GET "/" for ::1 at 2017-03-06 14:10:18 -0500
Processing by VisitorsController#index as HTML
  Rendering visitors/index.html.erb within layouts/application
  [1m[36mVisitor Load (0.1ms)[0m  [1m[34mSELECT "visitors".* FROM "visitors"[0m
  Rendered visitors/index.html.erb within layouts/application (1.3ms)
Completed 200 OK in 29ms (Views: 27.3ms | ActiveRecord: 0.1ms)


Started GET "/" for ::1 at 2017-03-06 14:10:27 -0500
Processing by VisitorsController#index as HTML
  Rendering visitors/index.html.erb within layouts/application
  [1m[36mVisitor Load (0.1ms)[0m  [1m[34mSELECT "visitors".* FROM "visitors"[0m
  Rendered visitors/index.html.erb within layouts/application (1.5ms)
Completed 200 OK in 29ms (Views: 27.6ms | ActiveRecord: 0.1ms)


Started GET "/" for ::1 at 2017-03-06 14:11:06 -0500
Processing by VisitorsController#index as HTML
  Rendering visitors/index.html.erb within layouts/application
  [1m[36mVisitor Load (0.1ms)[0m  [1m[34mSELECT "visitors".* FROM "visitors"[0m
  Rendered visitors/index.html.erb within layouts/application (1.4ms)
Completed 200 OK in 35ms (Views: 33.4ms | ActiveRecord: 0.1ms)


Started GET "/" for ::1 at 2017-03-06 14:11:47 -0500
Processing by VisitorsController#index as HTML
  Rendering visitors/index.html.erb within layouts/application
  [1m[36mVisitor Load (0.1ms)[0m  [1m[34mSELECT "visitors".* FROM "visitors"[0m
  Rendered visitors/index.html.erb within layouts/application (1.3ms)
Completed 200 OK in 24ms (Views: 22.0ms | ActiveRecord: 0.1ms)


Started GET "/" for ::1 at 2017-03-06 14:12:04 -0500
Processing by VisitorsController#index as HTML
  Rendering visitors/index.html.erb within layouts/application
  [1m[36mVisitor Load (0.1ms)[0m  [1m[34mSELECT "visitors".* FROM "visitors"[0m
  Rendered visitors/index.html.erb within layouts/application (1.4ms)
Completed 200 OK in 22ms (Views: 19.9ms | ActiveRecord: 0.1ms)


Started GET "/" for ::1 at 2017-03-06 14:12:13 -0500
Processing by VisitorsController#index as HTML
  Rendering visitors/index.html.erb within layouts/application
  [1m[36mVisitor Load (0.1ms)[0m  [1m[34mSELECT "visitors".* FROM "visitors"[0m
  Rendered visitors/index.html.erb within layouts/application (1.3ms)
Completed 200 OK in 23ms (Views: 21.5ms | ActiveRecord: 0.1ms)


Started GET "/" for ::1 at 2017-03-06 14:12:38 -0500
Processing by VisitorsController#index as HTML
  Rendering visitors/index.html.erb within layouts/application
  [1m[36mVisitor Load (0.1ms)[0m  [1m[34mSELECT "visitors".* FROM "visitors"[0m
  Rendered visitors/index.html.erb within layouts/application (1.3ms)
Completed 200 OK in 21ms (Views: 19.2ms | ActiveRecord: 0.1ms)


Started GET "/" for ::1 at 2017-03-06 14:12:40 -0500
Processing by VisitorsController#index as HTML
  Rendering visitors/index.html.erb within layouts/application
  [1m[36mVisitor Load (0.1ms)[0m  [1m[34mSELECT "visitors".* FROM "visitors"[0m
  Rendered visitors/index.html.erb within layouts/application (1.1ms)
Completed 200 OK in 22ms (Views: 19.7ms | ActiveRecord: 0.1ms)


Started GET "/" for ::1 at 2017-03-06 14:13:39 -0500
Processing by VisitorsController#index as HTML
  Rendering visitors/index.html.erb within layouts/application
  [1m[36mVisitor Load (0.1ms)[0m  [1m[34mSELECT "visitors".* FROM "visitors"[0m
  Rendered visitors/index.html.erb within layouts/application (1.2ms)
Completed 200 OK in 23ms (Views: 20.7ms | ActiveRecord: 0.1ms)


Started GET "/" for ::1 at 2017-03-06 14:14:26 -0500
Processing by VisitorsController#index as HTML
  Rendering visitors/index.html.erb within layouts/application
  [1m[36mVisitor Load (0.1ms)[0m  [1m[34mSELECT "visitors".* FROM "visitors"[0m
  Rendered visitors/index.html.erb within layouts/application (1.1ms)
Completed 200 OK in 21ms (Views: 19.4ms | ActiveRecord: 0.1ms)


Started GET "/" for ::1 at 2017-03-06 14:14:28 -0500
Processing by VisitorsController#index as HTML
  Rendering visitors/index.html.erb within layouts/application
  [1m[36mVisitor Load (0.1ms)[0m  [1m[34mSELECT "visitors".* FROM "visitors"[0m
  Rendered visitors/index.html.erb within layouts/application (1.1ms)
Completed 200 OK in 22ms (Views: 19.9ms | ActiveRecord: 0.1ms)


Started GET "/" for ::1 at 2017-03-06 14:14:33 -0500
Processing by VisitorsController#index as HTML
  Rendering visitors/index.html.erb within layouts/application
  [1m[36mVisitor Load (0.2ms)[0m  [1m[34mSELECT "visitors".* FROM "visitors"[0m
  Rendered visitors/index.html.erb within layouts/application (1.3ms)
Completed 200 OK in 28ms (Views: 26.0ms | ActiveRecord: 0.2ms)


Started GET "/" for ::1 at 2017-03-06 14:14:34 -0500
Processing by VisitorsController#index as HTML
  Rendering visitors/index.html.erb within layouts/application
  [1m[36mVisitor Load (0.1ms)[0m  [1m[34mSELECT "visitors".* FROM "visitors"[0m
  Rendered visitors/index.html.erb within layouts/application (1.1ms)
Completed 200 OK in 23ms (Views: 21.2ms | ActiveRecord: 0.1ms)


Started GET "/" for ::1 at 2017-03-06 14:15:13 -0500
Processing by VisitorsController#index as HTML
  Rendering visitors/index.html.erb within layouts/application
  [1m[36mVisitor Load (0.1ms)[0m  [1m[34mSELECT "visitors".* FROM "visitors"[0m
  Rendered visitors/index.html.erb within layouts/application (1.0ms)
Completed 200 OK in 22ms (Views: 20.3ms | ActiveRecord: 0.1ms)


Started GET "/" for ::1 at 2017-03-06 14:15:27 -0500
Processing by VisitorsController#index as HTML
  Rendering visitors/index.html.erb within layouts/application
  [1m[36mVisitor Load (0.1ms)[0m  [1m[34mSELECT "visitors".* FROM "visitors"[0m
  Rendered visitors/index.html.erb within layouts/application (1.0ms)
Completed 200 OK in 21ms (Views: 19.1ms | ActiveRecord: 0.1ms)


Started GET "/" for ::1 at 2017-03-06 14:15:29 -0500
Processing by VisitorsController#index as HTML
  Rendering visitors/index.html.erb within layouts/application
  [1m[36mVisitor Load (0.2ms)[0m  [1m[34mSELECT "visitors".* FROM "visitors"[0m
  Rendered visitors/index.html.erb within layouts/application (1.3ms)
Completed 200 OK in 22ms (Views: 20.1ms | ActiveRecord: 0.2ms)


Started GET "/" for ::1 at 2017-03-06 14:15:45 -0500
Processing by VisitorsController#index as HTML
  Rendering visitors/index.html.erb within layouts/application
  [1m[36mVisitor Load (0.1ms)[0m  [1m[34mSELECT "visitors".* FROM "visitors"[0m
  Rendered visitors/index.html.erb within layouts/application (1.0ms)
Completed 200 OK in 21ms (Views: 19.2ms | ActiveRecord: 0.1ms)


Started GET "/" for ::1 at 2017-03-06 14:16:00 -0500
Processing by VisitorsController#index as HTML
  Rendering visitors/index.html.erb within layouts/application
  [1m[36mVisitor Load (0.1ms)[0m  [1m[34mSELECT "visitors".* FROM "visitors"[0m
  Rendered visitors/index.html.erb within layouts/application (1.1ms)
Completed 200 OK in 22ms (Views: 19.8ms | ActiveRecord: 0.1ms)


Started GET "/" for ::1 at 2017-03-06 14:16:15 -0500
Processing by VisitorsController#index as HTML
  Rendering visitors/index.html.erb within layouts/application
  [1m[36mVisitor Load (0.1ms)[0m  [1m[34mSELECT "visitors".* FROM "visitors"[0m
  Rendered visitors/index.html.erb within layouts/application (1.2ms)
Completed 200 OK in 21ms (Views: 19.2ms | ActiveRecord: 0.1ms)


Started GET "/" for ::1 at 2017-03-06 14:16:56 -0500
Processing by VisitorsController#index as HTML
  Rendering visitors/index.html.erb within layouts/application
  [1m[36mVisitor Load (0.2ms)[0m  [1m[34mSELECT "visitors".* FROM "visitors"[0m
  Rendered visitors/index.html.erb within layouts/application (1.2ms)
Completed 200 OK in 27ms (Views: 25.5ms | ActiveRecord: 0.2ms)


Started GET "/" for ::1 at 2017-03-06 14:17:13 -0500
Processing by VisitorsController#index as HTML
  Rendering visitors/index.html.erb within layouts/application
  [1m[36mVisitor Load (0.1ms)[0m  [1m[34mSELECT "visitors".* FROM "visitors"[0m
  Rendered visitors/index.html.erb within layouts/application (1.0ms)
Completed 200 OK in 20ms (Views: 18.4ms | ActiveRecord: 0.1ms)


Started GET "/" for ::1 at 2017-03-06 14:17:14 -0500
Processing by VisitorsController#index as HTML
  Rendering visitors/index.html.erb within layouts/application
  [1m[36mVisitor Load (0.1ms)[0m  [1m[34mSELECT "visitors".* FROM "visitors"[0m
  Rendered visitors/index.html.erb within layouts/application (1.2ms)
Completed 200 OK in 25ms (Views: 21.8ms | ActiveRecord: 0.1ms)


Started GET "/" for ::1 at 2017-03-06 14:17:19 -0500
Processing by VisitorsController#index as HTML
  Rendering visitors/index.html.erb within layouts/application
  [1m[36mVisitor Load (0.1ms)[0m  [1m[34mSELECT "visitors".* FROM "visitors"[0m
  Rendered visitors/index.html.erb within layouts/application (1.2ms)
Completed 200 OK in 22ms (Views: 20.7ms | ActiveRecord: 0.1ms)


Started GET "/" for ::1 at 2017-03-06 14:17:20 -0500
Processing by VisitorsController#index as HTML
  Rendering visitors/index.html.erb within layouts/application
  [1m[36mVisitor Load (0.3ms)[0m  [1m[34mSELECT "visitors".* FROM "visitors"[0m
  Rendered visitors/index.html.erb within layouts/application (2.1ms)
Completed 200 OK in 27ms (Views: 24.8ms | ActiveRecord: 0.3ms)


Started GET "/" for ::1 at 2017-03-06 14:17:21 -0500
Processing by VisitorsController#index as HTML
  Rendering visitors/index.html.erb within layouts/application
  [1m[36mVisitor Load (0.1ms)[0m  [1m[34mSELECT "visitors".* FROM "visitors"[0m
  Rendered visitors/index.html.erb within layouts/application (1.2ms)
Completed 200 OK in 22ms (Views: 20.0ms | ActiveRecord: 0.1ms)


Started GET "/" for ::1 at 2017-03-06 14:17:25 -0500
Processing by VisitorsController#index as HTML
  Rendering visitors/index.html.erb within layouts/application
  [1m[36mVisitor Load (0.2ms)[0m  [1m[34mSELECT "visitors".* FROM "visitors"[0m
  Rendered visitors/index.html.erb within layouts/application (1.2ms)
Completed 200 OK in 22ms (Views: 20.5ms | ActiveRecord: 0.2ms)


Started GET "/" for ::1 at 2017-03-06 14:17:31 -0500
Processing by VisitorsController#index as HTML
  Rendering visitors/index.html.erb within layouts/application
  [1m[36mVisitor Load (0.1ms)[0m  [1m[34mSELECT "visitors".* FROM "visitors"[0m
  Rendered visitors/index.html.erb within layouts/application (1.1ms)
Completed 200 OK in 21ms (Views: 19.1ms | ActiveRecord: 0.1ms)


Started GET "/" for ::1 at 2017-03-06 14:17:32 -0500
Processing by VisitorsController#index as HTML
  Rendering visitors/index.html.erb within layouts/application
  [1m[36mVisitor Load (0.1ms)[0m  [1m[34mSELECT "visitors".* FROM "visitors"[0m
  Rendered visitors/index.html.erb within layouts/application (1.1ms)
Completed 200 OK in 21ms (Views: 18.9ms | ActiveRecord: 0.1ms)


Started GET "/" for ::1 at 2017-03-06 14:17:37 -0500
Processing by VisitorsController#index as HTML
  Rendering visitors/index.html.erb within layouts/application
  [1m[36mVisitor Load (0.1ms)[0m  [1m[34mSELECT "visitors".* FROM "visitors"[0m
  Rendered visitors/index.html.erb within layouts/application (1.5ms)
Completed 200 OK in 29ms (Views: 27.3ms | ActiveRecord: 0.1ms)


Started GET "/" for ::1 at 2017-03-06 14:17:39 -0500
Processing by VisitorsController#index as HTML
  Rendering visitors/index.html.erb within layouts/application
  [1m[36mVisitor Load (0.1ms)[0m  [1m[34mSELECT "visitors".* FROM "visitors"[0m
  Rendered visitors/index.html.erb within layouts/application (1.2ms)
Completed 200 OK in 22ms (Views: 19.7ms | ActiveRecord: 0.1ms)


Started GET "/" for ::1 at 2017-03-06 14:18:01 -0500
Processing by VisitorsController#index as HTML
  Rendering visitors/index.html.erb within layouts/application
  [1m[36mVisitor Load (0.1ms)[0m  [1m[34mSELECT "visitors".* FROM "visitors"[0m
  Rendered visitors/index.html.erb within layouts/application (1.2ms)
Completed 200 OK in 21ms (Views: 19.2ms | ActiveRecord: 0.1ms)


Started GET "/" for ::1 at 2017-03-06 14:18:06 -0500
Processing by VisitorsController#index as HTML
  Rendering visitors/index.html.erb within layouts/application
  [1m[36mVisitor Load (0.1ms)[0m  [1m[34mSELECT "visitors".* FROM "visitors"[0m
  Rendered visitors/index.html.erb within layouts/application (1.1ms)
Completed 200 OK in 21ms (Views: 19.1ms | ActiveRecord: 0.1ms)


Started GET "/" for ::1 at 2017-03-06 14:18:21 -0500
Processing by VisitorsController#index as HTML
  Rendering visitors/index.html.erb within layouts/application
  [1m[36mVisitor Load (0.1ms)[0m  [1m[34mSELECT "visitors".* FROM "visitors"[0m
  Rendered visitors/index.html.erb within layouts/application (1.4ms)
Completed 200 OK in 21ms (Views: 19.3ms | ActiveRecord: 0.1ms)


Started GET "/" for ::1 at 2017-03-06 14:18:34 -0500
Processing by VisitorsController#index as HTML
  Rendering visitors/index.html.erb within layouts/application
  [1m[36mVisitor Load (0.1ms)[0m  [1m[34mSELECT "visitors".* FROM "visitors"[0m
  Rendered visitors/index.html.erb within layouts/application (1.1ms)
Completed 200 OK in 21ms (Views: 19.5ms | ActiveRecord: 0.1ms)


Started GET "/" for ::1 at 2017-03-06 14:21:27 -0500
Processing by VisitorsController#index as HTML
  Rendering visitors/index.html.erb within layouts/application
  [1m[36mVisitor Load (0.1ms)[0m  [1m[34mSELECT "visitors".* FROM "visitors"[0m
  Rendered visitors/index.html.erb within layouts/application (1.1ms)
Completed 200 OK in 22ms (Views: 20.2ms | ActiveRecord: 0.1ms)


Started GET "/" for ::1 at 2017-03-06 14:22:38 -0500
Processing by VisitorsController#index as HTML
  Rendering visitors/index.html.erb within layouts/application
  [1m[36mVisitor Load (0.1ms)[0m  [1m[34mSELECT "visitors".* FROM "visitors"[0m
  Rendered visitors/index.html.erb within layouts/application (1.3ms)
Completed 200 OK in 22ms (Views: 19.9ms | ActiveRecord: 0.1ms)


Started GET "/" for ::1 at 2017-03-06 14:30:40 -0500
Processing by VisitorsController#index as HTML
  Rendering visitors/index.html.erb within layouts/application
  [1m[36mVisitor Load (0.1ms)[0m  [1m[34mSELECT "visitors".* FROM "visitors"[0m
  Rendered visitors/index.html.erb within layouts/application (1.0ms)
Completed 200 OK in 26ms (Views: 24.7ms | ActiveRecord: 0.1ms)


Started GET "/" for ::1 at 2017-03-06 14:31:51 -0500
Processing by VisitorsController#index as HTML
  Rendering visitors/index.html.erb within layouts/application
  [1m[36mVisitor Load (0.1ms)[0m  [1m[34mSELECT "visitors".* FROM "visitors"[0m
  Rendered visitors/index.html.erb within layouts/application (1.3ms)
Completed 200 OK in 20ms (Views: 18.3ms | ActiveRecord: 0.1ms)


Started GET "/" for ::1 at 2017-03-06 14:32:28 -0500
Processing by VisitorsController#index as HTML
  Rendering visitors/index.html.erb within layouts/application
  [1m[36mVisitor Load (0.1ms)[0m  [1m[34mSELECT "visitors".* FROM "visitors"[0m
  Rendered visitors/index.html.erb within layouts/application (1.1ms)
Completed 200 OK in 21ms (Views: 18.9ms | ActiveRecord: 0.1ms)


Started GET "/" for ::1 at 2017-03-06 14:32:57 -0500
Processing by VisitorsController#index as HTML
  Rendering visitors/index.html.erb within layouts/application
  [1m[36mVisitor Load (0.1ms)[0m  [1m[34mSELECT "visitors".* FROM "visitors"[0m
  Rendered visitors/index.html.erb within layouts/application (1.0ms)
Completed 200 OK in 20ms (Views: 18.3ms | ActiveRecord: 0.1ms)


Started GET "/" for ::1 at 2017-03-06 14:33:22 -0500
Processing by VisitorsController#index as HTML
  Rendering visitors/index.html.erb within layouts/application
  [1m[36mVisitor Load (0.1ms)[0m  [1m[34mSELECT "visitors".* FROM "visitors"[0m
  Rendered visitors/index.html.erb within layouts/application (1.1ms)
Completed 200 OK in 21ms (Views: 19.3ms | ActiveRecord: 0.1ms)


Started GET "/" for ::1 at 2017-03-06 14:33:49 -0500
Processing by VisitorsController#index as HTML
  Rendering visitors/index.html.erb within layouts/application
  [1m[36mVisitor Load (0.2ms)[0m  [1m[34mSELECT "visitors".* FROM "visitors"[0m
  Rendered visitors/index.html.erb within layouts/application (1.3ms)
Completed 200 OK in 21ms (Views: 18.8ms | ActiveRecord: 0.2ms)


Started GET "/" for ::1 at 2017-03-06 14:38:34 -0500
Processing by VisitorsController#index as HTML
  Rendering visitors/index.html.erb within layouts/application
  [1m[36mVisitor Load (0.1ms)[0m  [1m[34mSELECT "visitors".* FROM "visitors"[0m
  Rendered visitors/index.html.erb within layouts/application (1.3ms)
Completed 200 OK in 22ms (Views: 20.2ms | ActiveRecord: 0.1ms)


Started GET "/" for ::1 at 2017-03-06 14:39:12 -0500
Processing by VisitorsController#index as HTML
  Rendering visitors/index.html.erb within layouts/application
  [1m[36mVisitor Load (0.1ms)[0m  [1m[34mSELECT "visitors".* FROM "visitors"[0m
  Rendered visitors/index.html.erb within layouts/application (1.2ms)
Completed 200 OK in 22ms (Views: 19.8ms | ActiveRecord: 0.1ms)


Started GET "/" for ::1 at 2017-03-06 14:39:15 -0500
Processing by VisitorsController#index as HTML
  Rendering visitors/index.html.erb within layouts/application
  [1m[36mVisitor Load (0.1ms)[0m  [1m[34mSELECT "visitors".* FROM "visitors"[0m
  Rendered visitors/index.html.erb within layouts/application (1.2ms)
Completed 200 OK in 22ms (Views: 19.8ms | ActiveRecord: 0.1ms)


Started GET "/" for ::1 at 2017-03-06 14:39:59 -0500
Processing by VisitorsController#index as HTML
  Rendering visitors/index.html.erb within layouts/application
  [1m[36mVisitor Load (0.1ms)[0m  [1m[34mSELECT "visitors".* FROM "visitors"[0m
  Rendered visitors/index.html.erb within layouts/application (1.2ms)
Completed 200 OK in 21ms (Views: 19.6ms | ActiveRecord: 0.1ms)


Started GET "/" for ::1 at 2017-03-06 14:40:22 -0500
Processing by VisitorsController#index as HTML
  Rendering visitors/index.html.erb within layouts/application
  [1m[36mVisitor Load (0.1ms)[0m  [1m[34mSELECT "visitors".* FROM "visitors"[0m
  Rendered visitors/index.html.erb within layouts/application (1.3ms)
Completed 200 OK in 22ms (Views: 20.6ms | ActiveRecord: 0.1ms)


Started GET "/" for ::1 at 2017-03-06 14:40:41 -0500
Processing by VisitorsController#index as HTML
  Rendering visitors/index.html.erb within layouts/application
  [1m[36mVisitor Load (0.2ms)[0m  [1m[34mSELECT "visitors".* FROM "visitors"[0m
  Rendered visitors/index.html.erb within layouts/application (1.2ms)
Completed 200 OK in 24ms (Views: 22.5ms | ActiveRecord: 0.2ms)


Started GET "/" for ::1 at 2017-03-06 14:40:51 -0500
Processing by VisitorsController#index as HTML
  Rendering visitors/index.html.erb within layouts/application
  [1m[36mVisitor Load (0.1ms)[0m  [1m[34mSELECT "visitors".* FROM "visitors"[0m
  Rendered visitors/index.html.erb within layouts/application (1.3ms)
Completed 200 OK in 22ms (Views: 20.2ms | ActiveRecord: 0.1ms)


Started GET "/" for ::1 at 2017-03-06 14:41:49 -0500
Processing by VisitorsController#index as HTML
  Rendering visitors/index.html.erb within layouts/application
  [1m[36mVisitor Load (0.1ms)[0m  [1m[34mSELECT "visitors".* FROM "visitors"[0m
  Rendered visitors/index.html.erb within layouts/application (1.2ms)
Completed 200 OK in 22ms (Views: 19.5ms | ActiveRecord: 0.1ms)


Started GET "/" for ::1 at 2017-03-06 14:42:38 -0500
Processing by VisitorsController#index as HTML
  Rendering visitors/index.html.erb within layouts/application
  [1m[36mVisitor Load (0.1ms)[0m  [1m[34mSELECT "visitors".* FROM "visitors"[0m
  Rendered visitors/index.html.erb within layouts/application (1.1ms)
Completed 200 OK in 22ms (Views: 19.6ms | ActiveRecord: 0.1ms)


Started GET "/" for ::1 at 2017-03-06 14:42:48 -0500
Processing by VisitorsController#index as HTML
  Rendering visitors/index.html.erb within layouts/application
  [1m[36mVisitor Load (0.1ms)[0m  [1m[34mSELECT "visitors".* FROM "visitors"[0m
  Rendered visitors/index.html.erb within layouts/application (1.2ms)
Completed 200 OK in 21ms (Views: 19.1ms | ActiveRecord: 0.1ms)


Started GET "/" for ::1 at 2017-03-06 14:43:42 -0500
Processing by VisitorsController#index as HTML
  Rendering visitors/index.html.erb within layouts/application
  [1m[36mVisitor Load (0.1ms)[0m  [1m[34mSELECT "visitors".* FROM "visitors"[0m
  Rendered visitors/index.html.erb within layouts/application (1.2ms)
Completed 200 OK in 22ms (Views: 20.2ms | ActiveRecord: 0.1ms)


Started GET "/" for ::1 at 2017-03-06 14:44:13 -0500
Processing by VisitorsController#index as HTML
  Rendering visitors/index.html.erb within layouts/application
  [1m[36mVisitor Load (0.1ms)[0m  [1m[34mSELECT "visitors".* FROM "visitors"[0m
  Rendered visitors/index.html.erb within layouts/application (1.1ms)
Completed 200 OK in 27ms (Views: 24.9ms | ActiveRecord: 0.1ms)


Started GET "/" for ::1 at 2017-03-06 14:44:32 -0500
Processing by VisitorsController#index as HTML
  Rendering visitors/index.html.erb within layouts/application
  [1m[36mVisitor Load (0.1ms)[0m  [1m[34mSELECT "visitors".* FROM "visitors"[0m
  Rendered visitors/index.html.erb within layouts/application (1.3ms)
Completed 200 OK in 22ms (Views: 20.0ms | ActiveRecord: 0.1ms)


Started GET "/" for ::1 at 2017-03-06 14:48:11 -0500
Processing by VisitorsController#index as HTML
  Rendering visitors/index.html.erb within layouts/application
  [1m[36mVisitor Load (0.1ms)[0m  [1m[34mSELECT "visitors".* FROM "visitors"[0m
  Rendered visitors/index.html.erb within layouts/application (1.1ms)
Completed 200 OK in 21ms (Views: 19.1ms | ActiveRecord: 0.1ms)


Started GET "/" for ::1 at 2017-03-06 14:48:25 -0500
Processing by VisitorsController#index as HTML
  Rendering visitors/index.html.erb within layouts/application
  [1m[36mVisitor Load (0.1ms)[0m  [1m[34mSELECT "visitors".* FROM "visitors"[0m
  Rendered visitors/index.html.erb within layouts/application (1.3ms)
Completed 200 OK in 21ms (Views: 19.0ms | ActiveRecord: 0.1ms)


Started GET "/" for ::1 at 2017-03-06 14:49:09 -0500
Processing by VisitorsController#index as HTML
  Rendering visitors/index.html.erb within layouts/application
  [1m[36mVisitor Load (0.2ms)[0m  [1m[34mSELECT "visitors".* FROM "visitors"[0m
  Rendered visitors/index.html.erb within layouts/application (2.0ms)
Completed 200 OK in 23ms (Views: 20.7ms | ActiveRecord: 0.2ms)


Started GET "/" for ::1 at 2017-03-06 14:50:27 -0500
Processing by VisitorsController#index as HTML
  Rendering visitors/index.html.erb within layouts/application
  [1m[36mVisitor Load (0.2ms)[0m  [1m[34mSELECT "visitors".* FROM "visitors"[0m
  Rendered visitors/index.html.erb within layouts/application (2.0ms)
Completed 200 OK in 23ms (Views: 21.3ms | ActiveRecord: 0.2ms)


Started GET "/" for ::1 at 2017-03-06 14:53:23 -0500
Processing by VisitorsController#index as HTML
  Rendering visitors/index.html.erb within layouts/application
  [1m[36mVisitor Load (0.1ms)[0m  [1m[34mSELECT "visitors".* FROM "visitors"[0m
  Rendered visitors/index.html.erb within layouts/application (1.4ms)
Completed 200 OK in 25ms (Views: 22.8ms | ActiveRecord: 0.1ms)


Started GET "/" for ::1 at 2017-03-06 14:54:27 -0500
Processing by VisitorsController#index as HTML
  Rendering visitors/index.html.erb within layouts/application
  [1m[36mVisitor Load (0.1ms)[0m  [1m[34mSELECT "visitors".* FROM "visitors"[0m
  Rendered visitors/index.html.erb within layouts/application (1.2ms)
Completed 200 OK in 24ms (Views: 21.6ms | ActiveRecord: 0.1ms)


Started GET "/" for ::1 at 2017-03-06 14:55:40 -0500
Processing by VisitorsController#index as HTML
  Rendering visitors/index.html.erb within layouts/application
  [1m[36mVisitor Load (0.1ms)[0m  [1m[34mSELECT "visitors".* FROM "visitors"[0m
  Rendered visitors/index.html.erb within layouts/application (1.3ms)
Completed 200 OK in 28ms (Views: 25.7ms | ActiveRecord: 0.1ms)


